<?xml version="1.0" encoding="UTF-8"?>
<!-- Generated by org.testng.reporters.JUnitReportReporter -->
<testsuite ignored="0" hostname="SivaRajeshValluri" failures="0" tests="2" name="phptravels.Loginpage" time="6.820" errors="0" timestamp="28 Sep 2021 00:06:19 GMT" skipped="0">
  <testcase classname="phptravels.Loginpage" name="login" time="3.218"/>
  <testcase classname="phptravels.Loginpage" name="openurl" time="3.602"/>
</testsuite> <!-- phptravels.Loginpage -->
